<?xml version="1.0" encoding="UTF-8"?>
<!-- Generated by org.testng.reporters.JUnitReportReporter -->
<testsuite hostname="shwetha" name="selenium.TestNG" tests="2" failures="0" timestamp="24 Sep 2014 22:59:10 GMT" time="0.033" errors="0">
  <testcase name="print2" time="0.019" classname="selenium.TestNG"/>
  <testcase name="print1" time="0.014" classname="selenium.TestNG"/>
</testsuite> <!-- selenium.TestNG -->
